Removed Pin From Net: NetName=VCC TOOL Pin=P6-1
Removed Pin From Net: NetName=TDO/TDI Pin=P6-2
Removed Pin From Net: NetName=VCC TARGET Pin=P6-3
Removed Pin From Net: NetName=TDI Pin=P6-4
Removed Pin From Net: NetName=TMS Pin=P6-6
Removed Pin From Net: NetName=TEST Pin=P6-7
Removed Pin From Net: NetName=TCK Pin=P6-8
Removed Pin From Net: NetName=GND Pin=P6-10
Removed Pin From Net: NetName=NetIC1_23 Pin=P6-12
Change Component Designator: OldDesignator=H1 NewDesignator=CR1225
Change Component Designator: OldDesignator=IC1 NewDesignator=MSP430
Change Component Designator: OldDesignator=IC3 NewDesignator=RTC
Change Component Designator: OldDesignator=J2 NewDesignator=SD Card
Change Component Designator: OldDesignator=P1 NewDesignator=DIP SW
Change Component Designator: OldDesignator=P2 NewDesignator=Taster
Change Component Designator: OldDesignator=P3 NewDesignator=LED1
Change Component Designator: OldDesignator=P4 NewDesignator=LED2
Change Component Designator: OldDesignator=P6 NewDesignator=JTAG
Change Component Designator: OldDesignator=U1 NewDesignator=Sensor
Added Pin To Net: NetName=TDO/TDI Pin=JTAG-1
Added Pin To Net: NetName=VCC TOOL Pin=JTAG-2
Added Pin To Net: NetName=TDI Pin=JTAG-3
Added Pin To Net: NetName=VCC TARGET Pin=JTAG-4
Added Pin To Net: NetName=TMS Pin=JTAG-5
Added Pin To Net: NetName=TCK Pin=JTAG-7
Added Pin To Net: NetName=TEST Pin=JTAG-8
Added Pin To Net: NetName=GND Pin=JTAG-9
Added Pin To Net: NetName=NetIC1_23 Pin=JTAG-11
Change Net Name : Old Net Name=NetIC1_4 New Net Name=NetDIP SW_8
Change Net Name : Old Net Name=NetIC1_9 New Net Name=NetDIP SW_2
Change Net Name : Old Net Name=NetIC1_10 New Net Name=NetDIP SW_4
Change Net Name : Old Net Name=NetIC1_11 New Net Name=NetDIP SW_6
Change Net Name : Old Net Name=NetIC1_18 New Net Name=NetMSP430_18
Change Net Name : Old Net Name=NetIC1_20 New Net Name=NetMSP430_20
Change Net Name : Old Net Name=NetIC1_21 New Net Name=NetMSP430_21
Change Net Name : Old Net Name=NetIC1_23 New Net Name=NetJTAG_11
Change Net Name : Old Net Name=NetIC1_27 New Net Name=NetMSP430_27
Change Net Name : Old Net Name=NetIC1_31 New Net Name=NetMSP430_31
Change Net Name : Old Net Name=NetIC1_32 New Net Name=NetMSP430_32
Change Net Name : Old Net Name=NetIC1_40 New Net Name=NetMSP430_40
Change Net Name : Old Net Name=NetP3_2 New Net Name=NetLED1_2
Change Net Name : Old Net Name=NetP4_2 New Net Name=NetLED2_2
