Removed Pin From Net: NetName=GND Pin=R17-1
Removed Pin From Net: NetName=NetR17_2 Pin=R17-2
Removed Pin From Net: NetName=Battery Output Pin=U_Det-2
Removed Pin From Net: NetName=NetR17_2 Pin=U_Reg-4
Removed Member From Class: ClassName=POWER MANAGEMENT Member=R17
Change component parameters: Designator = "C12"; Footprint = "1608[0603]"; UniqueID = "\YBGTZPTX"
Change component parameters. Clean all parameters for all variants
Change component parameters (AddParameter): Name = "LatestRevisionDate"; Value = "17-Jul-2002"; VariantName = "[No Variations]"
Change component parameters (AddParameter): Name = "LatestRevisionNote"; Value = "Re-released for DXP Platform."; VariantName = "[No Variations]"
Change component parameters (AddParameter): Name = "PackageDescription"; Value = "Radial Cap, Thru-Hole; 2 Leads; 0.3 in Pin Spacing"; VariantName = "[No Variations]"
Change component parameters (AddParameter): Name = "PackageReference"; Value = "RAD-0.3"; VariantName = "[No Variations]"
Change component parameters (AddParameter): Name = "Published"; Value = "8-Jun-2000"; VariantName = "[No Variations]"
Change component parameters (AddParameter): Name = "Publisher"; Value = "Altium Limited"; VariantName = "[No Variations]"
Change component parameters (AddParameter): Name = "Value"; Value = "100nF"; VariantName = "[No Variations]"
Added Pin To Net: NetName=Battery Output Pin=U_Reg-4
Change Net Name : Old Net Name=NetR17_2 New Net Name=Net1_2
Added Pin To Net: NetName=Net2_2 Pin=U_Det-2
Added Net: Name=Net2_2
Added Net: Name=Net/PG1_2
Added Member To Class: ClassName=POWER MANAGEMENT Member=Component 4,7µF VJ0603
Added Member To Class: ClassName=POWER MANAGEMENT Member=Component 470 RES 0603
Added Member To Class: ClassName=POWER MANAGEMENT Member=Component 470 RES 0603
Added Room: Name=POWER MANAGEMENT
