Change Component Designator: Old Designator=1µF New Designator=?
Change Component Designator: Old Designator=1µF New Designator=?
Change Component Designator: Old Designator=1µF New Designator=?
Change Component Designator: Old Designator=Battery Connector 1 New Designator=Battery Connector ?
Change Component Designator: Old Designator=Battery Connector 2 New Designator=Battery Connector ?
Change Component Designator: Old Designator=Battery Output 1 New Designator=Battery Output ?
Change Component Designator: Old Designator=Battery Output 2 New Designator=Battery Output ?
Change Component Designator: Old Designator=Jumper1 New Designator=Jumper?
Change Component Designator: Old Designator=Jumper2 New Designator=Jumper?
Change Component Designator: Old Designator=Jumper VDD1 New Designator=Jumper VDD?
Change Component Designator: Old Designator=Jumper VDD2 New Designator=Jumper VDD?
Change Component Designator: Old Designator=Jumper VDD3 New Designator=Jumper VDD?
Change Component Designator: Old Designator=Jumper VDD4 New Designator=Jumper VDD?
Change Component Designator: Old Designator=Jumper VDD5 New Designator=Jumper VDD?
Change Component Designator: Old Designator=Jumper VDD6 New Designator=Jumper VDD?
Change Component Designator: Old Designator=Laderegler1 New Designator=Laderegler?
Change Component Designator: Old Designator=LED Power Good New Designator=LED Power Good?
Change Component Designator: Old Designator=LED stat1 New Designator=LED stat?
Change Component Designator: Old Designator=LED stat2 New Designator=LED stat?
Change Component Designator: Old Designator=Micro USB1 New Designator=Micro USB?
Change Component Designator: Old Designator=Power Supply1 New Designator=Power Supply?
Change Component Designator: Old Designator=R1 New Designator=R?
Change Component Designator: Old Designator=R2 New Designator=R?
Change Component Designator: Old Designator=R3 New Designator=R?
Change Component Designator: Old Designator=R4 New Designator=R?
Change Component Designator: Old Designator=R5 New Designator=R?
Change Component Designator: Old Designator=R6 New Designator=R?
Change Component Designator: Old Designator=Thermistor New Designator=Thermistor?
