Change Component Designator: Old Designator=? New Designator=1
Change Component Designator: Old Designator=? New Designator=2
Change Component Designator: Old Designator=? New Designator=3
Change Component Designator: Old Designator=Battery Connector ? New Designator=Battery Connector 1
Change Component Designator: Old Designator=Battery Connector ? New Designator=Battery Connector 2
Change Component Designator: Old Designator=Battery Output ? New Designator=Battery Output 1
Change Component Designator: Old Designator=Battery Output ? New Designator=Battery Output 2
Change Component Designator: Old Designator=Jumper? New Designator=Jumper1
Change Component Designator: Old Designator=Jumper? New Designator=Jumper2
Change Component Designator: Old Designator=Jumper VDD? New Designator=Jumper VDD1
Change Component Designator: Old Designator=Jumper VDD? New Designator=Jumper VDD2
Change Component Designator: Old Designator=Jumper VDD? New Designator=Jumper VDD3
Change Component Designator: Old Designator=Jumper VDD? New Designator=Jumper VDD4
Change Component Designator: Old Designator=Jumper VDD? New Designator=Jumper VDD5
Change Component Designator: Old Designator=Jumper VDD? New Designator=Jumper VDD6
Change Component Designator: Old Designator=Laderegler? New Designator=Laderegler1
Change Component Designator: Old Designator=LED Power Good? New Designator=LED Power Good1
Change Component Designator: Old Designator=LED stat? New Designator=LED stat1
Change Component Designator: Old Designator=LED stat? New Designator=LED stat2
Change Component Designator: Old Designator=Micro USB? New Designator=Micro USB1
Change Component Designator: Old Designator=Power Supply? New Designator=Power Supply1
Change Component Designator: Old Designator=R? New Designator=R1
Change Component Designator: Old Designator=R? New Designator=R2
Change Component Designator: Old Designator=R? New Designator=R3
Change Component Designator: Old Designator=R? New Designator=R4
Change Component Designator: Old Designator=R? New Designator=R5
Change Component Designator: Old Designator=R? New Designator=R6
Change Component Designator: Old Designator=Thermistor? New Designator=Thermistor1
