Change Component Designator: Old Designator=Battery Connector 1 New Designator=Battery Connector 2
Change Component Designator: Old Designator=Battery Connector 2 New Designator=Battery Connector 1
Change Component Designator: Old Designator=Battery Output 1 New Designator=Battery Output 2
Change Component Designator: Old Designator=Battery Output 2 New Designator=Battery Output 1
Change Component Designator: Old Designator=C? New Designator=C1
Change Component Designator: Old Designator=C? New Designator=C2
Change Component Designator: Old Designator=C? New Designator=C3
Change Component Designator: Old Designator=Jumper? New Designator=Jumper1
Change Component Designator: Old Designator=Jumper? New Designator=Jumper2
Change Component Designator: Old Designator=Jumper VDD? New Designator=Jumper VDD1
Change Component Designator: Old Designator=Jumper VDD? New Designator=Jumper VDD2
Change Component Designator: Old Designator=Jumper VDD? New Designator=Jumper VDD3
Change Component Designator: Old Designator=Jumper VDD? New Designator=Jumper VDD4
Change Component Designator: Old Designator=Jumper VDD? New Designator=Jumper VDD5
Change Component Designator: Old Designator=Jumper VDD? New Designator=Jumper VDD6
Change Component Designator: Old Designator=Laderegler? New Designator=Laderegler1
Change Component Designator: Old Designator=LED /PG? New Designator=LED /PG1
Change Component Designator: Old Designator=LED STAT? New Designator=LED STAT1
Change Component Designator: Old Designator=LED STAT? New Designator=LED STAT2
Change Component Designator: Old Designator=Micro USB? New Designator=Micro USB1
Change Component Designator: Old Designator=Power Supply New Designator=Power Supply1
Change Component Designator: Old Designator=R? New Designator=R1
Change Component Designator: Old Designator=R? New Designator=R2
Change Component Designator: Old Designator=R? New Designator=R3
Change Component Designator: Old Designator=R? New Designator=R4
Change Component Designator: Old Designator=R? New Designator=R5
Change Component Designator: Old Designator=R? New Designator=R6
Change Component Designator: Old Designator=RT? New Designator=RT1
