Added Component: Designator=Battery Connector 1(2er Stiftleiste WR-WTB)
Add component. Clean all parameters for all variants
Added Component: Designator=Battery Connector 2(2er Stiftleiste WR-WTB)
Add component. Clean all parameters for all variants
Added Component: Designator=Battery Output 1(2er Stiftleiste WR-WTB)
Add component. Clean all parameters for all variants
Added Component: Designator=Battery Output 2(2er Stiftleiste WR-WTB)
Add component. Clean all parameters for all variants
Added Component: Designator=C1(VJ0805)
Add component. Clean all parameters for all variants
Add component (AddParameter): Name = "Fitted"; Value = "False"; VariantName = "[No Variations]"
Add component (AddParameter): Name = "Supplier 1"; Value = "Farnell"; VariantName = "[No Variations]"
Add component (AddParameter): Name = "Supplier Part Number 1"; Value = "1650948"; VariantName = "[No Variations]"
Add component (AddParameter): Name = "Value"; Value = "100pF"; VariantName = "[No Variations]"
Added Component: Designator=C2(VJ0805)
Add component. Clean all parameters for all variants
Add component (AddParameter): Name = "Fitted"; Value = "False"; VariantName = "[No Variations]"
Add component (AddParameter): Name = "Supplier 1"; Value = "Farnell"; VariantName = "[No Variations]"
Add component (AddParameter): Name = "Supplier Part Number 1"; Value = "1650948"; VariantName = "[No Variations]"
Add component (AddParameter): Name = "Value"; Value = "100pF"; VariantName = "[No Variations]"
Added Component: Designator=C3(VJ0805)
Add component. Clean all parameters for all variants
Add component (AddParameter): Name = "Fitted"; Value = "False"; VariantName = "[No Variations]"
Add component (AddParameter): Name = "Supplier 1"; Value = "Farnell"; VariantName = "[No Variations]"
Add component (AddParameter): Name = "Supplier Part Number 1"; Value = "1650948"; VariantName = "[No Variations]"
Add component (AddParameter): Name = "Value"; Value = "100pF"; VariantName = "[No Variations]"
Added Component: Designator=Jumper1(HDR1X3)
Add component. Clean all parameters for all variants
Add component (AddParameter): Name = "LatestRevisionDate"; Value = "17-Jul-2002"; VariantName = "[No Variations]"
Add component (AddParameter): Name = "LatestRevisionNote"; Value = "Re-released for DXP Platform."; VariantName = "[No Variations]"
Add component (AddParameter): Name = "Publisher"; Value = "Altium Limited"; VariantName = "[No Variations]"
Added Component: Designator=Jumper2(HDR1X3)
Add component. Clean all parameters for all variants
Add component (AddParameter): Name = "LatestRevisionDate"; Value = "17-Jul-2002"; VariantName = "[No Variations]"
Add component (AddParameter): Name = "LatestRevisionNote"; Value = "Re-released for DXP Platform."; VariantName = "[No Variations]"
Add component (AddParameter): Name = "Publisher"; Value = "Altium Limited"; VariantName = "[No Variations]"
Added Component: Designator=Jumper VDD1(HDR1X2)
Add component. Clean all parameters for all variants
Add component (AddParameter): Name = "LatestRevisionDate"; Value = "17-Jul-2002"; VariantName = "[No Variations]"
Add component (AddParameter): Name = "LatestRevisionNote"; Value = "Re-released for DXP Platform."; VariantName = "[No Variations]"
Add component (AddParameter): Name = "Publisher"; Value = "Altium Limited"; VariantName = "[No Variations]"
Added Component: Designator=Jumper VDD2(HDR1X2)
Add component. Clean all parameters for all variants
Add component (AddParameter): Name = "LatestRevisionDate"; Value = "17-Jul-2002"; VariantName = "[No Variations]"
Add component (AddParameter): Name = "LatestRevisionNote"; Value = "Re-released for DXP Platform."; VariantName = "[No Variations]"
Add component (AddParameter): Name = "Publisher"; Value = "Altium Limited"; VariantName = "[No Variations]"
Added Component: Designator=Jumper VDD3(HDR1X2)
Add component. Clean all parameters for all variants
Add component (AddParameter): Name = "LatestRevisionDate"; Value = "17-Jul-2002"; VariantName = "[No Variations]"
Add component (AddParameter): Name = "LatestRevisionNote"; Value = "Re-released for DXP Platform."; VariantName = "[No Variations]"
Add component (AddParameter): Name = "Publisher"; Value = "Altium Limited"; VariantName = "[No Variations]"
Added Component: Designator=Jumper VDD4(HDR1X2)
Add component. Clean all parameters for all variants
Add component (AddParameter): Name = "LatestRevisionDate"; Value = "17-Jul-2002"; VariantName = "[No Variations]"
Add component (AddParameter): Name = "LatestRevisionNote"; Value = "Re-released for DXP Platform."; VariantName = "[No Variations]"
Add component (AddParameter): Name = "Publisher"; Value = "Altium Limited"; VariantName = "[No Variations]"
Added Component: Designator=Jumper VDD5(HDR1X2)
Add component. Clean all parameters for all variants
Add component (AddParameter): Name = "LatestRevisionDate"; Value = "17-Jul-2002"; VariantName = "[No Variations]"
Add component (AddParameter): Name = "LatestRevisionNote"; Value = "Re-released for DXP Platform."; VariantName = "[No Variations]"
Add component (AddParameter): Name = "Publisher"; Value = "Altium Limited"; VariantName = "[No Variations]"
Added Component: Designator=Jumper VDD6(HDR1X2)
Add component. Clean all parameters for all variants
Add component (AddParameter): Name = "LatestRevisionDate"; Value = "17-Jul-2002"; VariantName = "[No Variations]"
Add component (AddParameter): Name = "LatestRevisionNote"; Value = "Re-released for DXP Platform."; VariantName = "[No Variations]"
Add component (AddParameter): Name = "Publisher"; Value = "Altium Limited"; VariantName = "[No Variations]"
Added Component: Designator=Laderegler1(SON50P300X300X100-11N-D)
Add component. Clean all parameters for all variants
Add component (AddParameter): Name = "Datasheet Link"; Value = "https://componentsearchengine.com//MCP73833T-AMI_MF.pdf"; VariantName = "[No Variations]"
Add component (AddParameter): Name = "Height"; Value = "1mm"; VariantName = "[No Variations]"
Add component (AddParameter): Name = "Manufacturer_Name"; Value = "Microchip"; VariantName = "[No Variations]"
Add component (AddParameter): Name = "Manufacturer_Part_Number"; Value = "MCP73833T-AMI/MF"; VariantName = "[No Variations]"
Add component (AddParameter): Name = "Mouser2 Part Number"; Value = "579-MCP73833T-AMI/MF"; VariantName = "[No Variations]"
Add component (AddParameter): Name = "Mouser2 Price/Stock"; Value = "https://www.mouser.com/Search/Refine.aspx?Keyword=579-MCP73833T-AMI%2FMF"; VariantName = "[No Variations]"
Added Component: Designator=LED Power Good(SMD LED 0603)
Add component. Clean all parameters for all variants
Added Component: Designator=LED stat1(SMD LED 0603)
Add component. Clean all parameters for all variants
Added Component: Designator=LED stat2(SMD LED 0603)
Add component. Clean all parameters for all variants
Added Component: Designator=Micro USB1(ZX62R-B-5P(30))
Add component. Clean all parameters for all variants
Add component (AddParameter): Name = "Datasheet Link"; Value = ""; VariantName = "[No Variations]"
Add component (AddParameter): Name = "Manufacturer_Name"; Value = "Hirose"; VariantName = "[No Variations]"
Add component (AddParameter): Name = "Manufacturer_Part_Number"; Value = "ZX62R-B-5P(30)"; VariantName = "[No Variations]"
Add component (AddParameter): Name = "Mouser2 Part Number"; Value = ""; VariantName = "[No Variations]"
Add component (AddParameter): Name = "Mouser2 Price/Stock"; Value = ""; VariantName = "[No Variations]"
Added Component: Designator=Power Supply1(2er Stiftleiste WR-WTB)
Add component. Clean all parameters for all variants
Added Component: Designator=R1(D12CRCW0805)
Add component. Clean all parameters for all variants
Add component (AddParameter): Name = "Fitted"; Value = "False"; VariantName = "[No Variations]"
Add component (AddParameter): Name = "Supplier 1"; Value = "Farnell"; VariantName = "[No Variations]"
Add component (AddParameter): Name = "Supplier Part Number 1"; Value = "1738935"; VariantName = "[No Variations]"
Add component (AddParameter): Name = "Value"; Value = "1k"; VariantName = "[No Variations]"
Added Component: Designator=R2(D12CRCW0805)
Add component. Clean all parameters for all variants
Add component (AddParameter): Name = "Fitted"; Value = "False"; VariantName = "[No Variations]"
Add component (AddParameter): Name = "Supplier 1"; Value = "Farnell"; VariantName = "[No Variations]"
Add component (AddParameter): Name = "Supplier Part Number 1"; Value = "1738935"; VariantName = "[No Variations]"
Add component (AddParameter): Name = "Value"; Value = "1k"; VariantName = "[No Variations]"
Added Component: Designator=R3(D12CRCW0805)
Add component. Clean all parameters for all variants
Add component (AddParameter): Name = "Fitted"; Value = "False"; VariantName = "[No Variations]"
Add component (AddParameter): Name = "Supplier 1"; Value = "Farnell"; VariantName = "[No Variations]"
Add component (AddParameter): Name = "Supplier Part Number 1"; Value = "1738935"; VariantName = "[No Variations]"
Add component (AddParameter): Name = "Value"; Value = "1k"; VariantName = "[No Variations]"
Added Component: Designator=R4(D12CRCW0805)
Add component. Clean all parameters for all variants
Add component (AddParameter): Name = "Fitted"; Value = "False"; VariantName = "[No Variations]"
Add component (AddParameter): Name = "Supplier 1"; Value = "Farnell"; VariantName = "[No Variations]"
Add component (AddParameter): Name = "Supplier Part Number 1"; Value = "1738935"; VariantName = "[No Variations]"
Add component (AddParameter): Name = "Value"; Value = "1k"; VariantName = "[No Variations]"
Added Component: Designator=R5(D12CRCW0805)
Add component. Clean all parameters for all variants
Add component (AddParameter): Name = "Fitted"; Value = "False"; VariantName = "[No Variations]"
Add component (AddParameter): Name = "Supplier 1"; Value = "Farnell"; VariantName = "[No Variations]"
Add component (AddParameter): Name = "Supplier Part Number 1"; Value = "1738935"; VariantName = "[No Variations]"
Add component (AddParameter): Name = "Value"; Value = "1k"; VariantName = "[No Variations]"
Added Component: Designator=R6(D12CRCW0805)
Add component. Clean all parameters for all variants
Add component (AddParameter): Name = "Fitted"; Value = "False"; VariantName = "[No Variations]"
Add component (AddParameter): Name = "Supplier 1"; Value = "Farnell"; VariantName = "[No Variations]"
Add component (AddParameter): Name = "Supplier Part Number 1"; Value = "1738935"; VariantName = "[No Variations]"
Add component (AddParameter): Name = "Value"; Value = "1k"; VariantName = "[No Variations]"
Added Component: Designator=Thermistor(2er Stiftleiste WR-WTB)
Add component. Clean all parameters for all variants
Added Pin To Net: NetName=5V Ladespannung Pin=C1-2
Added Pin To Net: NetName=5V Ladespannung Pin=Jumper VDD1-1
Added Pin To Net: NetName=5V Ladespannung Pin=Jumper VDD2-1
Added Pin To Net: NetName=5V Ladespannung Pin=LED Power Good-1
Added Pin To Net: NetName=5V Ladespannung Pin=LED stat1-1
Added Pin To Net: NetName=5V Ladespannung Pin=LED stat2-1
Added Pin To Net: NetName=5V Ladespannung Pin=Micro USB1-5
Added Pin To Net: NetName=5V Ladespannung Pin=Power Supply1-1
Added Net: Name=5V Ladespannung
Added Pin To Net: NetName=Battery 2 Output Pin=Battery Output 1-1
Added Pin To Net: NetName=Battery 2 Output Pin=Jumper1-3
Added Net: Name=Battery 2 Output
Added Pin To Net: NetName=GND Pin=Battery Connector 1-2
Added Pin To Net: NetName=GND Pin=Battery Connector 2-2
Added Pin To Net: NetName=GND Pin=Battery Output 1-2
Added Pin To Net: NetName=GND Pin=Battery Output 2-2
Added Pin To Net: NetName=GND Pin=C1-1
Added Pin To Net: NetName=GND Pin=C2-1
Added Pin To Net: NetName=GND Pin=C3-1
Added Pin To Net: NetName=GND Pin=Jumper VDD5-1
Added Pin To Net: NetName=GND Pin=Jumper VDD6-1
Added Pin To Net: NetName=GND Pin=Jumper VDD6-2
Added Pin To Net: NetName=GND Pin=Laderegler1-6
Added Pin To Net: NetName=GND Pin=Laderegler1-11
Added Pin To Net: NetName=GND Pin=Micro USB1-1
Added Pin To Net: NetName=GND Pin=Power Supply1-2
Added Pin To Net: NetName=GND Pin=R4-2
Added Pin To Net: NetName=GND Pin=R6-1
Added Pin To Net: NetName=GND Pin=Thermistor-2
Added Net: Name=GND
Added Pin To Net: NetName=NetBattery Connector 1_1 Pin=Battery Connector 1-1
Added Pin To Net: NetName=NetBattery Connector 1_1 Pin=Jumper1-2
Added Net: Name=NetBattery Connector 1_1
Added Pin To Net: NetName=NetBattery Connector 2_1 Pin=Battery Connector 2-1
Added Pin To Net: NetName=NetBattery Connector 2_1 Pin=Jumper2-2
Added Net: Name=NetBattery Connector 2_1
Added Pin To Net: NetName=NetBattery Output 2_1 Pin=Battery Output 2-1
Added Pin To Net: NetName=NetBattery Output 2_1 Pin=Jumper2-3
Added Net: Name=NetBattery Output 2_1
Added Pin To Net: NetName=NetC2_2 Pin=C2-2
Added Pin To Net: NetName=NetC2_2 Pin=Jumper1-1
Added Pin To Net: NetName=NetC2_2 Pin=Laderegler1-10
Added Net: Name=NetC2_2
Added Pin To Net: NetName=NetC3_2 Pin=C3-2
Added Pin To Net: NetName=NetC3_2 Pin=Jumper2-1
Added Pin To Net: NetName=NetC3_2 Pin=Laderegler1-9
Added Net: Name=NetC3_2
Added Pin To Net: NetName=NetJumper VDD1_2 Pin=Jumper VDD1-2
Added Pin To Net: NetName=NetJumper VDD1_2 Pin=Laderegler1-1
Added Net: Name=NetJumper VDD1_2
Added Pin To Net: NetName=NetJumper VDD2_2 Pin=Jumper VDD2-2
Added Pin To Net: NetName=NetJumper VDD2_2 Pin=Laderegler1-2
Added Net: Name=NetJumper VDD2_2
Added Pin To Net: NetName=NetJumper VDD3_1 Pin=Jumper VDD3-1
Added Pin To Net: NetName=NetJumper VDD3_1 Pin=Jumper VDD3-2
Added Pin To Net: NetName=NetJumper VDD3_1 Pin=Jumper VDD4-2
Added Net: Name=NetJumper VDD3_1
Added Pin To Net: NetName=NetJumper VDD4_1 Pin=Jumper VDD4-1
Added Pin To Net: NetName=NetJumper VDD4_1 Pin=Jumper VDD5-2
Added Net: Name=NetJumper VDD4_1
Added Pin To Net: NetName=NetLaderegler1_3 Pin=Laderegler1-3
Added Pin To Net: NetName=NetLaderegler1_3 Pin=R1-2
Added Net: Name=NetLaderegler1_3
Added Pin To Net: NetName=NetLaderegler1_4 Pin=Laderegler1-4
Added Pin To Net: NetName=NetLaderegler1_4 Pin=R2-2
Added Net: Name=NetLaderegler1_4
Added Pin To Net: NetName=NetLaderegler1_5 Pin=Laderegler1-5
Added Pin To Net: NetName=NetLaderegler1_5 Pin=R4-1
Added Net: Name=NetLaderegler1_5
Added Pin To Net: NetName=NetLaderegler1_7 Pin=Laderegler1-7
Added Pin To Net: NetName=NetLaderegler1_7 Pin=R5-2
Added Net: Name=NetLaderegler1_7
Added Pin To Net: NetName=NetLaderegler1_8 Pin=Laderegler1-8
Added Pin To Net: NetName=NetLaderegler1_8 Pin=R3-2
Added Net: Name=NetLaderegler1_8
Added Pin To Net: NetName=NetLED Power Good_2 Pin=LED Power Good-2
Added Pin To Net: NetName=NetLED Power Good_2 Pin=R5-1
Added Net: Name=NetLED Power Good_2
Added Pin To Net: NetName=NetLED stat1_2 Pin=LED stat1-2
Added Pin To Net: NetName=NetLED stat1_2 Pin=R1-1
Added Net: Name=NetLED stat1_2
Added Pin To Net: NetName=NetLED stat2_2 Pin=LED stat2-2
Added Pin To Net: NetName=NetLED stat2_2 Pin=R2-1
Added Net: Name=NetLED stat2_2
Added Pin To Net: NetName=NetR3_1 Pin=R3-1
Added Pin To Net: NetName=NetR3_1 Pin=R6-2
Added Pin To Net: NetName=NetR3_1 Pin=Thermistor-1
Added Net: Name=NetR3_1
Added Class: Name=laderegler
Added Room: Name=laderegler
