Replace Part Battery Connector 1 2er Stiftleiste in C:\Users\Daniel\Documents\Altium\MoveH_Board\POWER MANAGEMENT V2\Laderegler\laderegler.SchDoc with 2er Stiftleiste from Pinleisten.SchLib
Replace Part Battery Connector 2 2er Stiftleiste in C:\Users\Daniel\Documents\Altium\MoveH_Board\POWER MANAGEMENT V2\Laderegler\laderegler.SchDoc with 2er Stiftleiste from Pinleisten.SchLib
Replace Part Battery Output 1 2er Stiftleiste in C:\Users\Daniel\Documents\Altium\MoveH_Board\POWER MANAGEMENT V2\Laderegler\laderegler.SchDoc with 2er Stiftleiste from Pinleisten.SchLib
Replace Part Battery Output 2 2er Stiftleiste in C:\Users\Daniel\Documents\Altium\MoveH_Board\POWER MANAGEMENT V2\Laderegler\laderegler.SchDoc with 2er Stiftleiste from Pinleisten.SchLib
Replace Part C1 Cap in C:\Users\Daniel\Documents\Altium\MoveH_Board\POWER MANAGEMENT V2\Laderegler\laderegler.SchDoc with Cap from Miscellaneous Devices.IntLib
Replace Part C2 Cap in C:\Users\Daniel\Documents\Altium\MoveH_Board\POWER MANAGEMENT V2\Laderegler\laderegler.SchDoc with Cap from Miscellaneous Devices.IntLib
Replace Part C3 Cap in C:\Users\Daniel\Documents\Altium\MoveH_Board\POWER MANAGEMENT V2\Laderegler\laderegler.SchDoc with Cap from Miscellaneous Devices.IntLib
Replace Part Jumper1 Header 3 in C:\Users\Daniel\Documents\Altium\MoveH_Board\POWER MANAGEMENT V2\Laderegler\laderegler.SchDoc with Header 3 from Miscellaneous Connectors.IntLib
Replace Part Jumper2 Header 3 in C:\Users\Daniel\Documents\Altium\MoveH_Board\POWER MANAGEMENT V2\Laderegler\laderegler.SchDoc with Header 3 from Miscellaneous Connectors.IntLib
Replace Part Jumper VDD1 Header 2 in C:\Users\Daniel\Documents\Altium\MoveH_Board\POWER MANAGEMENT V2\Laderegler\laderegler.SchDoc with Header 2 from Miscellaneous Connectors.IntLib
Replace Part Jumper VDD2 Header 2 in C:\Users\Daniel\Documents\Altium\MoveH_Board\POWER MANAGEMENT V2\Laderegler\laderegler.SchDoc with Header 2 from Miscellaneous Connectors.IntLib
Replace Part Jumper VDD3 Header 2 in C:\Users\Daniel\Documents\Altium\MoveH_Board\POWER MANAGEMENT V2\Laderegler\laderegler.SchDoc with Header 2 from Miscellaneous Connectors.IntLib
Replace Part Jumper VDD4 Header 2 in C:\Users\Daniel\Documents\Altium\MoveH_Board\POWER MANAGEMENT V2\Laderegler\laderegler.SchDoc with Header 2 from Miscellaneous Connectors.IntLib
Replace Part Jumper VDD5 Header 2 in C:\Users\Daniel\Documents\Altium\MoveH_Board\POWER MANAGEMENT V2\Laderegler\laderegler.SchDoc with Header 2 from Miscellaneous Connectors.IntLib
Replace Part Jumper VDD6 Header 2 in C:\Users\Daniel\Documents\Altium\MoveH_Board\POWER MANAGEMENT V2\Laderegler\laderegler.SchDoc with Header 2 from Miscellaneous Connectors.IntLib
Replace Part Laderegler1 MCP73833T-AMI_MF in C:\Users\Daniel\Documents\Altium\MoveH_Board\POWER MANAGEMENT V2\Laderegler\laderegler.SchDoc with MCP73833T-AMI_MF from SamacSys.SchLib
Replace Part LED /PG1 LED1 in C:\Users\Daniel\Documents\Altium\MoveH_Board\POWER MANAGEMENT V2\Laderegler\laderegler.SchDoc with LED1 from Miscellaneous Devices.IntLib
Replace Part LED STAT1 LED1 in C:\Users\Daniel\Documents\Altium\MoveH_Board\POWER MANAGEMENT V2\Laderegler\laderegler.SchDoc with LED1 from Miscellaneous Devices.IntLib
Replace Part LED STAT2 LED1 in C:\Users\Daniel\Documents\Altium\MoveH_Board\POWER MANAGEMENT V2\Laderegler\laderegler.SchDoc with LED1 from Miscellaneous Devices.IntLib
Replace Part Micro USB1 ZX62R-B-5P_30_ in C:\Users\Daniel\Documents\Altium\MoveH_Board\POWER MANAGEMENT V2\Laderegler\laderegler.SchDoc with ZX62R-B-5P_30_ from SamacSys.SchLib
Replace Part Power Supply1 2er Stiftleiste in C:\Users\Daniel\Documents\Altium\MoveH_Board\POWER MANAGEMENT V2\Laderegler\laderegler.SchDoc with 2er Stiftleiste from Pinleisten.SchLib
Replace Part R1 Res3 in C:\Users\Daniel\Documents\Altium\MoveH_Board\POWER MANAGEMENT V2\Laderegler\laderegler.SchDoc with Res3 from Miscellaneous Devices.IntLib
Replace Part R2 Res3 in C:\Users\Daniel\Documents\Altium\MoveH_Board\POWER MANAGEMENT V2\Laderegler\laderegler.SchDoc with Res3 from Miscellaneous Devices.IntLib
Replace Part R3 Res3 in C:\Users\Daniel\Documents\Altium\MoveH_Board\POWER MANAGEMENT V2\Laderegler\laderegler.SchDoc with Res3 from Miscellaneous Devices.IntLib
Replace Part R4 Res3 in C:\Users\Daniel\Documents\Altium\MoveH_Board\POWER MANAGEMENT V2\Laderegler\laderegler.SchDoc with Res3 from Miscellaneous Devices.IntLib
Replace Part R5 Res3 in C:\Users\Daniel\Documents\Altium\MoveH_Board\POWER MANAGEMENT V2\Laderegler\laderegler.SchDoc with Res3 from Miscellaneous Devices.IntLib
Replace Part R6 Res3 in C:\Users\Daniel\Documents\Altium\MoveH_Board\POWER MANAGEMENT V2\Laderegler\laderegler.SchDoc with Res3 from Miscellaneous Devices.IntLib
Replace Part RT1 Res Thermal in C:\Users\Daniel\Documents\Altium\MoveH_Board\POWER MANAGEMENT V2\Laderegler\laderegler.SchDoc with Res Thermal from Miscellaneous Devices.IntLib
