Change Component Designator: Old Designator=? New Designator=1
Change Component Designator: Old Designator=? New Designator=2
Change Component Designator: Old Designator=? New Designator=3
Change Component Designator: Old Designator=C? New Designator=C1
Change Component Designator: Old Designator=C? New Designator=C2
Change Component Designator: Old Designator=C? New Designator=C3
Change Component Designator: Old Designator=Jumper VDD? New Designator=Jumper VDD1
Change Component Designator: Old Designator=Jumper VDD? New Designator=Jumper VDD2
Change Component Designator: Old Designator=Jumper VDD? New Designator=Jumper VDD3
Change Component Designator: Old Designator=Jumper VDD? New Designator=Jumper VDD4
Change Component Designator: Old Designator=L? New Designator=L1
Change Component Designator: Old Designator=L? New Designator=L2
Change Component Designator: Old Designator=output 1.8 New Designator=output 1
Change Component Designator: Old Designator=output 3.3 New Designator=output 2
Change Component Designator: Old Designator=Power Supply New Designator=Power Supply1
Change Component Designator: Old Designator=R? New Designator=R1
Change Component Designator: Old Designator=R? New Designator=R2
Change Component Designator: Old Designator=R? New Designator=R3
Change Component Designator: Old Designator=R? New Designator=R4
Change Component Designator: Old Designator=R? New Designator=R5
Change Component Designator: Old Designator=R? New Designator=R6
Change Component Designator: Old Designator=Spannungsregler ? New Designator=Spannungsregler 1
Change Component Designator: Old Designator=Spannungsregler ? New Designator=Spannungsregler 2
Change Component Designator: Old Designator=Supply Board New Designator=Supply Board1
Change Component Designator: Old Designator=Voltage Detection? New Designator=Voltage Detection1
