Replace Part 1 Header 2 in C:\Users\Daniel\Documents\Altium\MoveH_Board\POWER MANAGEMENT V2\Spannungsregler\spannungsregler.SchDoc with Header 2 from Miscellaneous Connectors.IntLib
Replace Part 2 Header 2 in C:\Users\Daniel\Documents\Altium\MoveH_Board\POWER MANAGEMENT V2\Spannungsregler\spannungsregler.SchDoc with Header 2 from Miscellaneous Connectors.IntLib
Replace Part 3 Header 2 in C:\Users\Daniel\Documents\Altium\MoveH_Board\POWER MANAGEMENT V2\Spannungsregler\spannungsregler.SchDoc with Header 2 from Miscellaneous Connectors.IntLib
Replace Part C1 C, Typ B, Tantal, T491, Kemet in C:\Users\Daniel\Documents\Altium\MoveH_Board\POWER MANAGEMENT V2\Spannungsregler\spannungsregler.SchDoc with C, Typ B, Tantal, T491, Kemet from SMD Capacitors.SchLib
Replace Part C2 C, Typ B, Tantal, T491, Kemet in C:\Users\Daniel\Documents\Altium\MoveH_Board\POWER MANAGEMENT V2\Spannungsregler\spannungsregler.SchDoc with C, Typ B, Tantal, T491, Kemet from SMD Capacitors.SchLib
Replace Part C3 VJ0805 in C:\Users\Daniel\Documents\Altium\MoveH_Board\POWER MANAGEMENT V2\Spannungsregler\spannungsregler.SchDoc with VJ0805 from SMD Capacitors.SchLib
Replace Part C4 C, Typ B, Tantal, T491, Kemet in C:\Users\Daniel\Documents\Altium\MoveH_Board\POWER MANAGEMENT V2\Spannungsregler\spannungsregler.SchDoc with C, Typ B, Tantal, T491, Kemet from SMD Capacitors.SchLib
Replace Part Jumper VDD1 Header 2 in C:\Users\Daniel\Documents\Altium\MoveH_Board\POWER MANAGEMENT V2\Spannungsregler\spannungsregler.SchDoc with Header 2 from Miscellaneous Connectors.IntLib
Replace Part Jumper VDD2 Header 2 in C:\Users\Daniel\Documents\Altium\MoveH_Board\POWER MANAGEMENT V2\Spannungsregler\spannungsregler.SchDoc with Header 2 from Miscellaneous Connectors.IntLib
Replace Part Jumper VDD3 Header 2 in C:\Users\Daniel\Documents\Altium\MoveH_Board\POWER MANAGEMENT V2\Spannungsregler\spannungsregler.SchDoc with Header 2 from Miscellaneous Connectors.IntLib
Replace Part Jumper VDD4 Header 2 in C:\Users\Daniel\Documents\Altium\MoveH_Board\POWER MANAGEMENT V2\Spannungsregler\spannungsregler.SchDoc with Header 2 from Miscellaneous Connectors.IntLib
Replace Part L1 Coilcraft_Inductor_1008 in C:\Users\Daniel\Documents\Altium\MoveH_Board\POWER MANAGEMENT V2\Spannungsregler\spannungsregler.SchDoc with Coilcraft_Inductor_1008 from SMD Inductor.SchLib
Replace Part L2 Coilcraft_Inductor_1008 in C:\Users\Daniel\Documents\Altium\MoveH_Board\POWER MANAGEMENT V2\Spannungsregler\spannungsregler.SchDoc with Coilcraft_Inductor_1008 from SMD Inductor.SchLib
Replace Part output 1 2er Stiftleiste in C:\Users\Daniel\Documents\Altium\MoveH_Board\POWER MANAGEMENT V2\Spannungsregler\spannungsregler.SchDoc with 2er Stiftleiste from Pinleisten.SchLib
Replace Part output 2 2er Stiftleiste in C:\Users\Daniel\Documents\Altium\MoveH_Board\POWER MANAGEMENT V2\Spannungsregler\spannungsregler.SchDoc with 2er Stiftleiste from Pinleisten.SchLib
Replace Part Power Supply1 2er Stiftleiste in C:\Users\Daniel\Documents\Altium\MoveH_Board\POWER MANAGEMENT V2\Spannungsregler\spannungsregler.SchDoc with 2er Stiftleiste from Pinleisten.SchLib
Replace Part R1 RES 0805 in C:\Users\Daniel\Documents\Altium\MoveH_Board\POWER MANAGEMENT V2\Spannungsregler\spannungsregler.SchDoc with RES 0805 from SMD Resistors.SchLib
Replace Part R2 RES 0805 in C:\Users\Daniel\Documents\Altium\MoveH_Board\POWER MANAGEMENT V2\Spannungsregler\spannungsregler.SchDoc with RES 0805 from SMD Resistors.SchLib
Replace Part R3 RES 0805 in C:\Users\Daniel\Documents\Altium\MoveH_Board\POWER MANAGEMENT V2\Spannungsregler\spannungsregler.SchDoc with RES 0805 from SMD Resistors.SchLib
Replace Part R4 RES 0805 in C:\Users\Daniel\Documents\Altium\MoveH_Board\POWER MANAGEMENT V2\Spannungsregler\spannungsregler.SchDoc with RES 0805 from SMD Resistors.SchLib
Replace Part R5 RES 0805 in C:\Users\Daniel\Documents\Altium\MoveH_Board\POWER MANAGEMENT V2\Spannungsregler\spannungsregler.SchDoc with RES 0805 from SMD Resistors.SchLib
Replace Part R6 RES 0805 in C:\Users\Daniel\Documents\Altium\MoveH_Board\POWER MANAGEMENT V2\Spannungsregler\spannungsregler.SchDoc with RES 0805 from SMD Resistors.SchLib
Replace Part Spannungsregler 1 TLV61220DBVR in C:\Users\Daniel\Documents\Altium\MoveH_Board\POWER MANAGEMENT V2\Spannungsregler\spannungsregler.SchDoc with TLV61220DBVR from SamacSys.SchLib
Replace Part Spannungsregler 2 TLV61220DBVR in C:\Users\Daniel\Documents\Altium\MoveH_Board\POWER MANAGEMENT V2\Spannungsregler\spannungsregler.SchDoc with TLV61220DBVR from SamacSys.SchLib
Replace Part Supply Board1 Header 2 in C:\Users\Daniel\Documents\Altium\MoveH_Board\POWER MANAGEMENT V2\Spannungsregler\spannungsregler.SchDoc with Header 2 from Miscellaneous Connectors.IntLib
Replace Part Voltage Detection1 NCP302LSN20T1G in C:\Users\Daniel\Documents\Altium\MoveH_Board\POWER MANAGEMENT V2\Spannungsregler\spannungsregler.SchDoc with NCP302LSN20T1G from SamacSys.SchLib
