Added Component: Designator=1(HDR1X2)
Add component (AddParameter): Name = "LatestRevisionDate"; Value = "17-Jul-2002"; VariantName = "[No Variations]"
Add component (AddParameter): Name = "LatestRevisionNote"; Value = "Re-released for DXP Platform."; VariantName = "[No Variations]"
Add component (AddParameter): Name = "Publisher"; Value = "Altium Limited"; VariantName = "[No Variations]"
Added Component: Designator=2(HDR1X2)
Add component (AddParameter): Name = "LatestRevisionDate"; Value = "17-Jul-2002"; VariantName = "[No Variations]"
Add component (AddParameter): Name = "LatestRevisionNote"; Value = "Re-released for DXP Platform."; VariantName = "[No Variations]"
Add component (AddParameter): Name = "Publisher"; Value = "Altium Limited"; VariantName = "[No Variations]"
Added Component: Designator=3(HDR1X2)
Add component (AddParameter): Name = "LatestRevisionDate"; Value = "17-Jul-2002"; VariantName = "[No Variations]"
Add component (AddParameter): Name = "LatestRevisionNote"; Value = "Re-released for DXP Platform."; VariantName = "[No Variations]"
Add component (AddParameter): Name = "Publisher"; Value = "Altium Limited"; VariantName = "[No Variations]"
Added Component: Designator=C1(C, Typ B, Tantal, T491)
Add component (AddParameter): Name = "Fitted"; Value = "False"; VariantName = "[No Variations]"
Add component (AddParameter): Name = "Value"; Value = ""; VariantName = "[No Variations]"
Added Component: Designator=C2(C, Typ B, Tantal, T491)
Add component (AddParameter): Name = "Fitted"; Value = "False"; VariantName = "[No Variations]"
Add component (AddParameter): Name = "Value"; Value = ""; VariantName = "[No Variations]"
Added Component: Designator=C3(VJ0805)
Add component (AddParameter): Name = "Fitted"; Value = "False"; VariantName = "[No Variations]"
Add component (AddParameter): Name = "Supplier 1"; Value = "Farnell"; VariantName = "[No Variations]"
Add component (AddParameter): Name = "Supplier Part Number 1"; Value = "1650948"; VariantName = "[No Variations]"
Add component (AddParameter): Name = "Value"; Value = ""; VariantName = "[No Variations]"
Added Component: Designator=C4(C, Typ B, Tantal, T491)
Add component (AddParameter): Name = "Fitted"; Value = "False"; VariantName = "[No Variations]"
Add component (AddParameter): Name = "Value"; Value = ""; VariantName = "[No Variations]"
Added Component: Designator=Jumper VDD1(HDR1X2)
Add component (AddParameter): Name = "LatestRevisionDate"; Value = "17-Jul-2002"; VariantName = "[No Variations]"
Add component (AddParameter): Name = "LatestRevisionNote"; Value = "Re-released for DXP Platform."; VariantName = "[No Variations]"
Add component (AddParameter): Name = "Publisher"; Value = "Altium Limited"; VariantName = "[No Variations]"
Added Component: Designator=Jumper VDD2(HDR1X2)
Add component (AddParameter): Name = "LatestRevisionDate"; Value = "17-Jul-2002"; VariantName = "[No Variations]"
Add component (AddParameter): Name = "LatestRevisionNote"; Value = "Re-released for DXP Platform."; VariantName = "[No Variations]"
Add component (AddParameter): Name = "Publisher"; Value = "Altium Limited"; VariantName = "[No Variations]"
Added Component: Designator=Jumper VDD3(HDR1X2)
Add component (AddParameter): Name = "LatestRevisionDate"; Value = "17-Jul-2002"; VariantName = "[No Variations]"
Add component (AddParameter): Name = "LatestRevisionNote"; Value = "Re-released for DXP Platform."; VariantName = "[No Variations]"
Add component (AddParameter): Name = "Publisher"; Value = "Altium Limited"; VariantName = "[No Variations]"
Added Component: Designator=Jumper VDD4(HDR1X2)
Add component (AddParameter): Name = "LatestRevisionDate"; Value = "17-Jul-2002"; VariantName = "[No Variations]"
Add component (AddParameter): Name = "LatestRevisionNote"; Value = "Re-released for DXP Platform."; VariantName = "[No Variations]"
Add component (AddParameter): Name = "Publisher"; Value = "Altium Limited"; VariantName = "[No Variations]"
Added Component: Designator=L1(Coilcraft 1008CS Series)
Added Component: Designator=L2(Coilcraft 1008CS Series)
Added Component: Designator=output 1(2er Stiftleiste WR-WTB)
Added Component: Designator=output 2(2er Stiftleiste WR-WTB)
Added Component: Designator=Power Supply1(2er Stiftleiste WR-WTB)
Added Component: Designator=R1(D12CRCW0805)
Add component (AddParameter): Name = "Fitted"; Value = "False"; VariantName = "[No Variations]"
Add component (AddParameter): Name = "Supplier 1"; Value = "Farnell"; VariantName = "[No Variations]"
Add component (AddParameter): Name = "Supplier Part Number 1"; Value = "1738935"; VariantName = "[No Variations]"
Add component (AddParameter): Name = "Value"; Value = ""; VariantName = "[No Variations]"
Added Component: Designator=R2(D12CRCW0805)
Add component (AddParameter): Name = "Fitted"; Value = "False"; VariantName = "[No Variations]"
Add component (AddParameter): Name = "Supplier 1"; Value = "Farnell"; VariantName = "[No Variations]"
Add component (AddParameter): Name = "Supplier Part Number 1"; Value = "1738935"; VariantName = "[No Variations]"
Add component (AddParameter): Name = "Value"; Value = ""; VariantName = "[No Variations]"
Added Component: Designator=R3(D12CRCW0805)
Add component (AddParameter): Name = "Fitted"; Value = "False"; VariantName = "[No Variations]"
Add component (AddParameter): Name = "Supplier 1"; Value = "Farnell"; VariantName = "[No Variations]"
Add component (AddParameter): Name = "Supplier Part Number 1"; Value = "1738935"; VariantName = "[No Variations]"
Add component (AddParameter): Name = "Value"; Value = ""; VariantName = "[No Variations]"
Added Component: Designator=R4(D12CRCW0805)
Add component (AddParameter): Name = "Fitted"; Value = "False"; VariantName = "[No Variations]"
Add component (AddParameter): Name = "Supplier 1"; Value = "Farnell"; VariantName = "[No Variations]"
Add component (AddParameter): Name = "Supplier Part Number 1"; Value = "1738935"; VariantName = "[No Variations]"
Add component (AddParameter): Name = "Value"; Value = ""; VariantName = "[No Variations]"
Added Component: Designator=R5(D12CRCW0805)
Add component (AddParameter): Name = "Fitted"; Value = "False"; VariantName = "[No Variations]"
Add component (AddParameter): Name = "Supplier 1"; Value = "Farnell"; VariantName = "[No Variations]"
Add component (AddParameter): Name = "Supplier Part Number 1"; Value = "1738935"; VariantName = "[No Variations]"
Add component (AddParameter): Name = "Value"; Value = ""; VariantName = "[No Variations]"
Added Component: Designator=R6(D12CRCW0805)
Add component (AddParameter): Name = "Fitted"; Value = "False"; VariantName = "[No Variations]"
Add component (AddParameter): Name = "Supplier 1"; Value = "Farnell"; VariantName = "[No Variations]"
Add component (AddParameter): Name = "Supplier Part Number 1"; Value = "1738935"; VariantName = "[No Variations]"
Add component (AddParameter): Name = "Value"; Value = ""; VariantName = "[No Variations]"
Added Component: Designator=Spannungsregler 1(SOT95P280X145-6N)
Add component (AddParameter): Name = "Datasheet Link"; Value = "http://www.ti.com/lit/gpn/tlv61220"; VariantName = "[No Variations]"
Add component (AddParameter): Name = "Height"; Value = "1.45mm"; VariantName = "[No Variations]"
Add component (AddParameter): Name = "Manufacturer_Name"; Value = "Texas Instruments"; VariantName = "[No Variations]"
Add component (AddParameter): Name = "Manufacturer_Part_Number"; Value = "TLV61220DBVR"; VariantName = "[No Variations]"
Add component (AddParameter): Name = "Mouser2 Part Number"; Value = "595-TLV61220DBVR"; VariantName = "[No Variations]"
Add component (AddParameter): Name = "Mouser2 Price/Stock"; Value = "https://www.mouser.com/Search/Refine.aspx?Keyword=595-TLV61220DBVR"; VariantName = "[No Variations]"
Added Component: Designator=Spannungsregler 2(SOT95P280X145-6N)
Add component (AddParameter): Name = "Datasheet Link"; Value = "http://www.ti.com/lit/gpn/tlv61220"; VariantName = "[No Variations]"
Add component (AddParameter): Name = "Height"; Value = "1.45mm"; VariantName = "[No Variations]"
Add component (AddParameter): Name = "Manufacturer_Name"; Value = "Texas Instruments"; VariantName = "[No Variations]"
Add component (AddParameter): Name = "Manufacturer_Part_Number"; Value = "TLV61220DBVR"; VariantName = "[No Variations]"
Add component (AddParameter): Name = "Mouser2 Part Number"; Value = "595-TLV61220DBVR"; VariantName = "[No Variations]"
Add component (AddParameter): Name = "Mouser2 Price/Stock"; Value = "https://www.mouser.com/Search/Refine.aspx?Keyword=595-TLV61220DBVR"; VariantName = "[No Variations]"
Added Component: Designator=Supply Board1(HDR1X2)
Add component (AddParameter): Name = "LatestRevisionDate"; Value = "17-Jul-2002"; VariantName = "[No Variations]"
Add component (AddParameter): Name = "LatestRevisionNote"; Value = "Re-released for DXP Platform."; VariantName = "[No Variations]"
Add component (AddParameter): Name = "Publisher"; Value = "Altium Limited"; VariantName = "[No Variations]"
Added Component: Designator=Voltage Detection1(SOT95P275X110-5N)
Add component (AddParameter): Name = "Datasheet Link"; Value = "http://www.onsemi.com/pub/Collateral/NCP302-D.PDF"; VariantName = "[No Variations]"
Add component (AddParameter): Name = "Height"; Value = "1.1mm"; VariantName = "[No Variations]"
Add component (AddParameter): Name = "Manufacturer_Name"; Value = "ON Semiconductor"; VariantName = "[No Variations]"
Add component (AddParameter): Name = "Manufacturer_Part_Number"; Value = "NCP302LSN20T1G"; VariantName = "[No Variations]"
Add component (AddParameter): Name = "Mouser2 Part Number"; Value = ""; VariantName = "[No Variations]"
Add component (AddParameter): Name = "Mouser2 Price/Stock"; Value = ""; VariantName = "[No Variations]"
Added Pin To Net: NetName=1,8V Pin=output 1-1
Added Pin To Net: NetName=1,8V Pin=R1-2
Added Pin To Net: NetName=1,8V Pin=Spannungsregler 1-5
Added Net: Name=1,8V
Added Pin To Net: NetName=3,3V Pin=output 2-1
Added Pin To Net: NetName=3,3V Pin=R4-2
Added Pin To Net: NetName=3,3V Pin=Spannungsregler 2-5
Added Net: Name=3,3V
Added Pin To Net: NetName=GND Pin=C1-2
Added Pin To Net: NetName=GND Pin=C2-2
Added Pin To Net: NetName=GND Pin=C3-1
Added Pin To Net: NetName=GND Pin=C4-2
Added Pin To Net: NetName=GND Pin=Jumper VDD1-1
Added Pin To Net: NetName=GND Pin=Jumper VDD1-2
Added Pin To Net: NetName=GND Pin=Jumper VDD2-1
Added Pin To Net: NetName=GND Pin=Jumper VDD2-2
Added Pin To Net: NetName=GND Pin=Jumper VDD3-1
Added Pin To Net: NetName=GND Pin=Jumper VDD3-2
Added Pin To Net: NetName=GND Pin=Jumper VDD4-1
Added Pin To Net: NetName=GND Pin=Jumper VDD4-2
Added Pin To Net: NetName=GND Pin=output 1-2
Added Pin To Net: NetName=GND Pin=output 2-2
Added Pin To Net: NetName=GND Pin=Power Supply1-2
Added Pin To Net: NetName=GND Pin=R3-1
Added Pin To Net: NetName=GND Pin=R6-2
Added Pin To Net: NetName=GND Pin=Spannungsregler 1-2
Added Pin To Net: NetName=GND Pin=Spannungsregler 2-2
Added Pin To Net: NetName=GND Pin=Supply Board1-2
Added Pin To Net: NetName=GND Pin=Voltage Detection1-3
Added Net: Name=GND
Added Pin To Net: NetName=Net1_2 Pin=1-2
Added Pin To Net: NetName=Net1_2 Pin=2-2
Added Pin To Net: NetName=Net1_2 Pin=3-1
Added Pin To Net: NetName=Net1_2 Pin=Spannungsregler 1-3
Added Pin To Net: NetName=Net1_2 Pin=Spannungsregler 2-3
Added Net: Name=Net1_2
Added Pin To Net: NetName=Net3_2 Pin=3-2
Added Pin To Net: NetName=Net3_2 Pin=Voltage Detection1-1
Added Net: Name=Net3_2
Added Pin To Net: NetName=NetC4_1 Pin=C4-1
Added Pin To Net: NetName=NetC4_1 Pin=Voltage Detection1-5
Added Net: Name=NetC4_1
Added Pin To Net: NetName=NetL1_1 Pin=L1-1
Added Pin To Net: NetName=NetL1_1 Pin=Spannungsregler 1-1
Added Net: Name=NetL1_1
Added Pin To Net: NetName=NetL2_1 Pin=L2-1
Added Pin To Net: NetName=NetL2_1 Pin=Spannungsregler 2-1
Added Net: Name=NetL2_1
Added Pin To Net: NetName=NetR1_1 Pin=R1-1
Added Pin To Net: NetName=NetR1_1 Pin=R2-2
Added Pin To Net: NetName=NetR1_1 Pin=Spannungsregler 1-4
Added Net: Name=NetR1_1
Added Pin To Net: NetName=NetR2_1 Pin=R2-1
Added Pin To Net: NetName=NetR2_1 Pin=R3-2
Added Net: Name=NetR2_1
Added Pin To Net: NetName=NetR4_1 Pin=R4-1
Added Pin To Net: NetName=NetR4_1 Pin=R5-2
Added Pin To Net: NetName=NetR4_1 Pin=Spannungsregler 2-4
Added Net: Name=NetR4_1
Added Pin To Net: NetName=NetR5_1 Pin=R5-1
Added Pin To Net: NetName=NetR5_1 Pin=R6-1
Added Net: Name=NetR5_1
Added Pin To Net: NetName=VCC Pin=1-1
Added Pin To Net: NetName=VCC Pin=2-1
Added Pin To Net: NetName=VCC Pin=C1-1
Added Pin To Net: NetName=VCC Pin=C2-1
Added Pin To Net: NetName=VCC Pin=C3-2
Added Pin To Net: NetName=VCC Pin=L1-2
Added Pin To Net: NetName=VCC Pin=L2-2
Added Pin To Net: NetName=VCC Pin=Power Supply1-1
Added Pin To Net: NetName=VCC Pin=Spannungsregler 1-6
Added Pin To Net: NetName=VCC Pin=Spannungsregler 2-6
Added Pin To Net: NetName=VCC Pin=Supply Board1-1
Added Pin To Net: NetName=VCC Pin=Voltage Detection1-2
Added Net: Name=VCC
Added Member To Class: ClassName=spannungsregler Member=Component 1 Header 2
Added Member To Class: ClassName=spannungsregler Member=Component 2 Header 2
Added Member To Class: ClassName=spannungsregler Member=Component 3 Header 2
Added Member To Class: ClassName=spannungsregler Member=Component C1 SOLID TANTALUM CHIP CAPACITOR
Added Member To Class: ClassName=spannungsregler Member=Component C2 SOLID TANTALUM CHIP CAPACITOR
Added Member To Class: ClassName=spannungsregler Member=Component C3 VJ0805
Added Member To Class: ClassName=spannungsregler Member=Component C4 SOLID TANTALUM CHIP CAPACITOR
Added Member To Class: ClassName=spannungsregler Member=Component Jumper VDD1 Header 2
Added Member To Class: ClassName=spannungsregler Member=Component Jumper VDD2 Header 2
Added Member To Class: ClassName=spannungsregler Member=Component Jumper VDD3 Header 2
Added Member To Class: ClassName=spannungsregler Member=Component Jumper VDD4 Header 2
Added Member To Class: ClassName=spannungsregler Member=Component L1 Coilcraft_Inductor_1008
Added Member To Class: ClassName=spannungsregler Member=Component L2 Coilcraft_Inductor_1008
Added Member To Class: ClassName=spannungsregler Member=Component output 1 2er Stiftleiste
Added Member To Class: ClassName=spannungsregler Member=Component output 2 2er Stiftleiste
Added Member To Class: ClassName=spannungsregler Member=Component Power Supply1 2er Stiftleiste
Added Member To Class: ClassName=spannungsregler Member=Component R1 RES 0805
Added Member To Class: ClassName=spannungsregler Member=Component R2 RES 0805
Added Member To Class: ClassName=spannungsregler Member=Component R3 RES 0805
Added Member To Class: ClassName=spannungsregler Member=Component R4 RES 0805
Added Member To Class: ClassName=spannungsregler Member=Component R5 RES 0805
Added Member To Class: ClassName=spannungsregler Member=Component R6 RES 0805
Added Member To Class: ClassName=spannungsregler Member=Component Spannungsregler 1 TLV61220DBVR
Added Member To Class: ClassName=spannungsregler Member=Component Spannungsregler 2 TLV61220DBVR
Added Member To Class: ClassName=spannungsregler Member=Component Supply Board1 Header 2
Added Member To Class: ClassName=spannungsregler Member=Component Voltage Detection1 NCP302LSN20T1G
Added Room: Name=spannungsregler
